mode: set
github.com/viniosilva/ipanemaboxapi/cmd/server/main.go:7.13,9.2 1 0
github.com/viniosilva/ipanemaboxapi/internal/auth/domain/user.go:25.74,37.18 3 1
github.com/viniosilva/ipanemaboxapi/internal/auth/domain/user.go:37.18,40.3 2 1
github.com/viniosilva/ipanemaboxapi/internal/auth/domain/user.go:42.2,42.40 1 1
github.com/viniosilva/ipanemaboxapi/internal/auth/domain/user.go:42.40,44.3 1 1
github.com/viniosilva/ipanemaboxapi/internal/auth/domain/user.go:46.2,46.18 1 1
github.com/viniosilva/ipanemaboxapi/internal/auth/domain/user.go:49.33,50.18 1 1
github.com/viniosilva/ipanemaboxapi/internal/auth/domain/user.go:50.18,52.3 1 1
github.com/viniosilva/ipanemaboxapi/internal/auth/domain/user.go:54.2,54.43 1 1
github.com/viniosilva/ipanemaboxapi/internal/auth/domain/user.go:54.43,56.3 1 1
github.com/viniosilva/ipanemaboxapi/internal/auth/domain/user.go:58.2,58.46 1 1
github.com/viniosilva/ipanemaboxapi/internal/auth/domain/user.go:58.46,60.3 1 1
github.com/viniosilva/ipanemaboxapi/internal/auth/domain/user.go:62.2,62.20 1 1
github.com/viniosilva/ipanemaboxapi/internal/auth/domain/user.go:62.20,63.44 1 1
github.com/viniosilva/ipanemaboxapi/internal/auth/domain/user.go:63.44,65.4 1 1
github.com/viniosilva/ipanemaboxapi/internal/auth/domain/user.go:68.2,68.12 1 1
github.com/viniosilva/ipanemaboxapi/internal/auth/presentation/auth/handler.go:14.71,18.2 1 0
github.com/viniosilva/ipanemaboxapi/internal/auth/presentation/auth/handler.go:20.50,22.47 2 0
github.com/viniosilva/ipanemaboxapi/internal/auth/presentation/auth/handler.go:22.47,25.3 2 0
github.com/viniosilva/ipanemaboxapi/internal/auth/presentation/auth/handler.go:27.2,33.16 2 0
github.com/viniosilva/ipanemaboxapi/internal/auth/presentation/auth/handler.go:33.16,36.3 2 0
github.com/viniosilva/ipanemaboxapi/internal/auth/presentation/auth/handler.go:38.2,44.23 2 0
github.com/viniosilva/ipanemaboxapi/internal/auth/presentation/auth/handler.go:44.23,47.3 2 0
github.com/viniosilva/ipanemaboxapi/internal/auth/presentation/auth/handler.go:49.2,49.33 1 0
github.com/viniosilva/ipanemaboxapi/internal/auth/application/auth_service.go:18.69,21.2 1 1
github.com/viniosilva/ipanemaboxapi/internal/auth/application/auth_service.go:23.102,25.16 2 1
github.com/viniosilva/ipanemaboxapi/internal/auth/application/auth_service.go:25.16,27.3 1 1
github.com/viniosilva/ipanemaboxapi/internal/auth/application/auth_service.go:29.2,30.16 2 1
github.com/viniosilva/ipanemaboxapi/internal/auth/application/auth_service.go:30.16,32.3 1 1
github.com/viniosilva/ipanemaboxapi/internal/auth/application/auth_service.go:33.2,33.16 1 1
github.com/viniosilva/ipanemaboxapi/internal/auth/application/auth_service.go:33.16,35.3 1 1
github.com/viniosilva/ipanemaboxapi/internal/auth/application/auth_service.go:37.2,37.57 1 1
github.com/viniosilva/ipanemaboxapi/internal/auth/application/auth_service.go:37.57,39.3 1 1
github.com/viniosilva/ipanemaboxapi/internal/auth/application/auth_service.go:41.2,47.8 1 1
github.com/viniosilva/ipanemaboxapi/mocks/user_repository_mock.go:17.24,21.19 3 0
github.com/viniosilva/ipanemaboxapi/mocks/user_repository_mock.go:21.19,21.49 1 0
github.com/viniosilva/ipanemaboxapi/mocks/user_repository_mock.go:23.2,23.13 1 0
github.com/viniosilva/ipanemaboxapi/mocks/user_repository_mock.go:35.69,37.2 1 0
github.com/viniosilva/ipanemaboxapi/mocks/user_repository_mock.go:40.70,43.19 2 0
github.com/viniosilva/ipanemaboxapi/mocks/user_repository_mock.go:43.19,44.52 1 0
github.com/viniosilva/ipanemaboxapi/mocks/user_repository_mock.go:47.2,48.65 2 0
github.com/viniosilva/ipanemaboxapi/mocks/user_repository_mock.go:48.65,50.3 1 0
github.com/viniosilva/ipanemaboxapi/mocks/user_repository_mock.go:50.8,52.3 1 0
github.com/viniosilva/ipanemaboxapi/mocks/user_repository_mock.go:53.2,53.11 1 0
github.com/viniosilva/ipanemaboxapi/mocks/user_repository_mock.go:63.105,65.2 1 0
github.com/viniosilva/ipanemaboxapi/mocks/user_repository_mock.go:67.116,68.40 1 0
github.com/viniosilva/ipanemaboxapi/mocks/user_repository_mock.go:68.40,70.21 2 0
github.com/viniosilva/ipanemaboxapi/mocks/user_repository_mock.go:70.21,72.4 1 0
github.com/viniosilva/ipanemaboxapi/mocks/user_repository_mock.go:73.3,75.4 1 0
github.com/viniosilva/ipanemaboxapi/mocks/user_repository_mock.go:77.2,77.11 1 0
github.com/viniosilva/ipanemaboxapi/mocks/user_repository_mock.go:80.101,83.2 2 0
github.com/viniosilva/ipanemaboxapi/mocks/user_repository_mock.go:85.131,88.2 2 0
github.com/viniosilva/ipanemaboxapi/mocks/user_repository_mock.go:91.99,94.19 2 0
github.com/viniosilva/ipanemaboxapi/mocks/user_repository_mock.go:94.19,95.59 1 0
github.com/viniosilva/ipanemaboxapi/mocks/user_repository_mock.go:98.2,100.81 3 0
github.com/viniosilva/ipanemaboxapi/mocks/user_repository_mock.go:100.81,102.3 1 0
github.com/viniosilva/ipanemaboxapi/mocks/user_repository_mock.go:103.2,103.72 1 0
github.com/viniosilva/ipanemaboxapi/mocks/user_repository_mock.go:103.72,105.3 1 0
github.com/viniosilva/ipanemaboxapi/mocks/user_repository_mock.go:105.8,107.3 1 0
github.com/viniosilva/ipanemaboxapi/mocks/user_repository_mock.go:108.2,108.73 1 0
github.com/viniosilva/ipanemaboxapi/mocks/user_repository_mock.go:108.73,110.3 1 0
github.com/viniosilva/ipanemaboxapi/mocks/user_repository_mock.go:110.8,112.3 1 0
github.com/viniosilva/ipanemaboxapi/mocks/user_repository_mock.go:113.2,113.15 1 0
github.com/viniosilva/ipanemaboxapi/mocks/user_repository_mock.go:124.138,126.2 1 0
github.com/viniosilva/ipanemaboxapi/mocks/user_repository_mock.go:128.144,129.40 1 0
github.com/viniosilva/ipanemaboxapi/mocks/user_repository_mock.go:129.40,131.21 2 0
github.com/viniosilva/ipanemaboxapi/mocks/user_repository_mock.go:131.21,133.4 1 0
github.com/viniosilva/ipanemaboxapi/mocks/user_repository_mock.go:134.3,135.21 2 0
github.com/viniosilva/ipanemaboxapi/mocks/user_repository_mock.go:135.21,137.4 1 0
github.com/viniosilva/ipanemaboxapi/mocks/user_repository_mock.go:138.3,141.4 1 0
github.com/viniosilva/ipanemaboxapi/mocks/user_repository_mock.go:143.2,143.11 1 0
github.com/viniosilva/ipanemaboxapi/mocks/user_repository_mock.go:146.123,149.2 2 0
github.com/viniosilva/ipanemaboxapi/mocks/user_repository_mock.go:151.167,154.2 2 0
github.com/viniosilva/ipanemaboxapi/internal/shared/presentation/middleware/error_handler.go:9.37,10.30 1 0
github.com/viniosilva/ipanemaboxapi/internal/shared/presentation/middleware/error_handler.go:10.30,13.24 2 0
github.com/viniosilva/ipanemaboxapi/internal/shared/presentation/middleware/error_handler.go:13.24,20.4 2 0
github.com/viniosilva/ipanemaboxapi/internal/shared/application/domain/email.go:14.33,15.13 1 1
github.com/viniosilva/ipanemaboxapi/internal/shared/application/domain/email.go:15.13,17.3 1 1
github.com/viniosilva/ipanemaboxapi/internal/shared/application/domain/email.go:19.2,19.53 1 1
github.com/viniosilva/ipanemaboxapi/internal/shared/application/domain/email.go:19.53,22.3 1 1
github.com/viniosilva/ipanemaboxapi/internal/shared/application/domain/email.go:24.2,24.12 1 1
github.com/viniosilva/ipanemaboxapi/internal/shared/application/domain/error.go:14.56,19.2 1 1
github.com/viniosilva/ipanemaboxapi/internal/shared/application/domain/error.go:26.35,28.2 1 1
github.com/viniosilva/ipanemaboxapi/internal/shared/application/domain/error.go:30.35,32.2 1 1
github.com/viniosilva/ipanemaboxapi/internal/shared/application/domain/password.go:9.36,10.13 1 1
github.com/viniosilva/ipanemaboxapi/internal/shared/application/domain/password.go:10.13,12.3 1 1
github.com/viniosilva/ipanemaboxapi/internal/shared/application/domain/password.go:14.2,14.12 1 1
github.com/viniosilva/ipanemaboxapi/internal/shared/application/domain/phone.go:14.33,15.13 1 1
github.com/viniosilva/ipanemaboxapi/internal/shared/application/domain/phone.go:15.13,17.3 1 1
github.com/viniosilva/ipanemaboxapi/internal/shared/application/domain/phone.go:19.2,19.53 1 1
github.com/viniosilva/ipanemaboxapi/internal/shared/application/domain/phone.go:19.53,22.3 1 1
github.com/viniosilva/ipanemaboxapi/internal/shared/application/domain/phone.go:24.2,24.12 1 1
github.com/viniosilva/ipanemaboxapi/pkg/go-tool.go:3.29,5.2 1 1
github.com/viniosilva/ipanemaboxapi/pkg/validator.go:7.13,9.2 1 1
github.com/viniosilva/ipanemaboxapi/pkg/validator.go:11.40,12.53 1 1
github.com/viniosilva/ipanemaboxapi/pkg/validator.go:12.53,14.3 1 1
github.com/viniosilva/ipanemaboxapi/pkg/validator.go:16.2,16.12 1 1
github.com/viniosilva/ipanemaboxapi/pkg/validator.go:19.40,20.52 1 1
github.com/viniosilva/ipanemaboxapi/pkg/validator.go:20.52,22.3 1 1
github.com/viniosilva/ipanemaboxapi/pkg/validator.go:24.2,24.12 1 1
